{"/Volumes/GoogleDrive/Mi unidad/IT Academy/Node JS/sprint 1/app/basic-operations.js": {"path":"/Volumes/GoogleDrive/Mi unidad/IT Academy/Node JS/sprint 1/app/basic-operations.js","statementMap":{"0":{"start":{"line":1,"column":12},"end":{"line":6,"column":1}},"1":{"start":{"line":2,"column":2},"end":{"line":4,"column":3}},"2":{"start":{"line":3,"column":4},"end":{"line":3,"column":54}},"3":{"start":{"line":5,"column":2},"end":{"line":5,"column":15}},"4":{"start":{"line":7,"column":17},"end":{"line":12,"column":1}},"5":{"start":{"line":8,"column":2},"end":{"line":10,"column":3}},"6":{"start":{"line":9,"column":4},"end":{"line":9,"column":54}},"7":{"start":{"line":11,"column":2},"end":{"line":11,"column":15}},"8":{"start":{"line":13,"column":17},"end":{"line":18,"column":1}},"9":{"start":{"line":14,"column":2},"end":{"line":16,"column":3}},"10":{"start":{"line":15,"column":4},"end":{"line":15,"column":54}},"11":{"start":{"line":17,"column":2},"end":{"line":17,"column":15}},"12":{"start":{"line":19,"column":15},"end":{"line":24,"column":1}},"13":{"start":{"line":20,"column":2},"end":{"line":22,"column":3}},"14":{"start":{"line":21,"column":4},"end":{"line":21,"column":54}},"15":{"start":{"line":23,"column":2},"end":{"line":23,"column":15}},"16":{"start":{"line":26,"column":0},"end":{"line":26,"column":25}},"17":{"start":{"line":27,"column":0},"end":{"line":27,"column":35}},"18":{"start":{"line":28,"column":0},"end":{"line":28,"column":35}},"19":{"start":{"line":29,"column":0},"end":{"line":29,"column":31}}},"fnMap":{"0":{"name":"(anonymous_0)","decl":{"start":{"line":1,"column":12},"end":{"line":1,"column":13}},"loc":{"start":{"line":1,"column":22},"end":{"line":6,"column":1}},"line":1},"1":{"name":"(anonymous_1)","decl":{"start":{"line":7,"column":17},"end":{"line":7,"column":18}},"loc":{"start":{"line":7,"column":27},"end":{"line":12,"column":1}},"line":7},"2":{"name":"(anonymous_2)","decl":{"start":{"line":13,"column":17},"end":{"line":13,"column":18}},"loc":{"start":{"line":13,"column":27},"end":{"line":18,"column":1}},"line":13},"3":{"name":"(anonymous_3)","decl":{"start":{"line":19,"column":15},"end":{"line":19,"column":16}},"loc":{"start":{"line":19,"column":25},"end":{"line":24,"column":1}},"line":19}},"branchMap":{"0":{"loc":{"start":{"line":2,"column":2},"end":{"line":4,"column":3}},"type":"if","locations":[{"start":{"line":2,"column":2},"end":{"line":4,"column":3}},{"start":{},"end":{}}],"line":2},"1":{"loc":{"start":{"line":2,"column":6},"end":{"line":2,"column":26}},"type":"binary-expr","locations":[{"start":{"line":2,"column":6},"end":{"line":2,"column":14}},{"start":{"line":2,"column":18},"end":{"line":2,"column":26}}],"line":2},"2":{"loc":{"start":{"line":8,"column":2},"end":{"line":10,"column":3}},"type":"if","locations":[{"start":{"line":8,"column":2},"end":{"line":10,"column":3}},{"start":{},"end":{}}],"line":8},"3":{"loc":{"start":{"line":8,"column":6},"end":{"line":8,"column":26}},"type":"binary-expr","locations":[{"start":{"line":8,"column":6},"end":{"line":8,"column":14}},{"start":{"line":8,"column":18},"end":{"line":8,"column":26}}],"line":8},"4":{"loc":{"start":{"line":14,"column":2},"end":{"line":16,"column":3}},"type":"if","locations":[{"start":{"line":14,"column":2},"end":{"line":16,"column":3}},{"start":{},"end":{}}],"line":14},"5":{"loc":{"start":{"line":14,"column":6},"end":{"line":14,"column":26}},"type":"binary-expr","locations":[{"start":{"line":14,"column":6},"end":{"line":14,"column":14}},{"start":{"line":14,"column":18},"end":{"line":14,"column":26}}],"line":14},"6":{"loc":{"start":{"line":20,"column":2},"end":{"line":22,"column":3}},"type":"if","locations":[{"start":{"line":20,"column":2},"end":{"line":22,"column":3}},{"start":{},"end":{}}],"line":20},"7":{"loc":{"start":{"line":20,"column":6},"end":{"line":20,"column":26}},"type":"binary-expr","locations":[{"start":{"line":20,"column":6},"end":{"line":20,"column":14}},{"start":{"line":20,"column":18},"end":{"line":20,"column":26}}],"line":20}},"s":{"0":1,"1":16,"2":12,"3":4,"4":1,"5":4,"6":0,"7":4,"8":1,"9":4,"10":0,"11":4,"12":1,"13":4,"14":0,"15":4,"16":1,"17":1,"18":1,"19":1},"f":{"0":16,"1":4,"2":4,"3":4},"b":{"0":[12,4],"1":[16,8],"2":[0,4],"3":[4,4],"4":[0,4],"5":[4,4],"6":[0,4],"7":[4,4]},"_coverageSchema":"1a1c01bbd47fc00a2c39e90264f33305004495a9","hash":"79f8df2faf409eacefbcf44423707042f14956f7"}
,"/Volumes/GoogleDrive/Mi unidad/IT Academy/Node JS/sprint 1/app/entrega1.3.js": {"path":"/Volumes/GoogleDrive/Mi unidad/IT Academy/Node JS/sprint 1/app/entrega1.3.js","statementMap":{"0":{"start":{"line":1,"column":0},"end":{"line":1,"column":31}},"1":{"start":{"line":2,"column":0},"end":{"line":2,"column":31}},"2":{"start":{"line":3,"column":0},"end":{"line":3,"column":31}},"3":{"start":{"line":4,"column":0},"end":{"line":4,"column":16}},"4":{"start":{"line":6,"column":16},"end":{"line":10,"column":4}},"5":{"start":{"line":7,"column":2},"end":{"line":10,"column":4}},"6":{"start":{"line":8,"column":4},"end":{"line":9,"column":70}},"7":{"start":{"line":8,"column":20},"end":{"line":8,"column":71}},"8":{"start":{"line":9,"column":9},"end":{"line":9,"column":70}},"9":{"start":{"line":13,"column":0},"end":{"line":19,"column":5}},"10":{"start":{"line":15,"column":4},"end":{"line":15,"column":21}},"11":{"start":{"line":18,"column":4},"end":{"line":18,"column":29}},"12":{"start":{"line":22,"column":0},"end":{"line":28,"column":5}},"13":{"start":{"line":24,"column":4},"end":{"line":24,"column":21}},"14":{"start":{"line":27,"column":4},"end":{"line":27,"column":29}},"15":{"start":{"line":31,"column":17},"end":{"line":37,"column":1}},"16":{"start":{"line":32,"column":2},"end":{"line":35,"column":6}},"17":{"start":{"line":33,"column":4},"end":{"line":35,"column":6}},"18":{"start":{"line":36,"column":2},"end":{"line":36,"column":46}},"19":{"start":{"line":38,"column":13},"end":{"line":50,"column":1}},"20":{"start":{"line":39,"column":2},"end":{"line":48,"column":3}},"21":{"start":{"line":45,"column":4},"end":{"line":47,"column":6}},"22":{"start":{"line":49,"column":2},"end":{"line":49,"column":17}},"23":{"start":{"line":51,"column":0},"end":{"line":51,"column":25}},"24":{"start":{"line":53,"column":0},"end":{"line":53,"column":35}},"25":{"start":{"line":54,"column":0},"end":{"line":54,"column":27}},"26":{"start":{"line":63,"column":18},"end":{"line":76,"column":1}},"27":{"start":{"line":78,"column":17},"end":{"line":91,"column":1}},"28":{"start":{"line":92,"column":0},"end":{"line":92,"column":35}},"29":{"start":{"line":94,"column":20},"end":{"line":101,"column":4}},"30":{"start":{"line":95,"column":2},"end":{"line":101,"column":4}},"31":{"start":{"line":97,"column":21},"end":{"line":97,"column":69}},"32":{"start":{"line":97,"column":50},"end":{"line":97,"column":68}},"33":{"start":{"line":98,"column":4},"end":{"line":100,"column":57}},"34":{"start":{"line":102,"column":0},"end":{"line":102,"column":41}},"35":{"start":{"line":104,"column":0},"end":{"line":106,"column":44}},"36":{"start":{"line":105,"column":17},"end":{"line":105,"column":41}},"37":{"start":{"line":106,"column":18},"end":{"line":106,"column":42}},"38":{"start":{"line":107,"column":0},"end":{"line":109,"column":44}},"39":{"start":{"line":108,"column":17},"end":{"line":108,"column":41}},"40":{"start":{"line":109,"column":18},"end":{"line":109,"column":42}},"41":{"start":{"line":110,"column":0},"end":{"line":112,"column":44}},"42":{"start":{"line":111,"column":17},"end":{"line":111,"column":41}},"43":{"start":{"line":112,"column":18},"end":{"line":112,"column":42}},"44":{"start":{"line":115,"column":18},"end":{"line":120,"column":4}},"45":{"start":{"line":116,"column":2},"end":{"line":120,"column":4}},"46":{"start":{"line":118,"column":19},"end":{"line":118,"column":62}},"47":{"start":{"line":118,"column":45},"end":{"line":118,"column":61}},"48":{"start":{"line":119,"column":4},"end":{"line":119,"column":80}},"49":{"start":{"line":122,"column":0},"end":{"line":124,"column":44}},"50":{"start":{"line":123,"column":17},"end":{"line":123,"column":41}},"51":{"start":{"line":124,"column":18},"end":{"line":124,"column":42}},"52":{"start":{"line":125,"column":0},"end":{"line":127,"column":44}},"53":{"start":{"line":126,"column":17},"end":{"line":126,"column":41}},"54":{"start":{"line":127,"column":18},"end":{"line":127,"column":42}},"55":{"start":{"line":128,"column":0},"end":{"line":130,"column":44}},"56":{"start":{"line":129,"column":17},"end":{"line":129,"column":41}},"57":{"start":{"line":130,"column":18},"end":{"line":130,"column":42}},"58":{"start":{"line":134,"column":0},"end":{"line":142,"column":52}},"59":{"start":{"line":136,"column":4},"end":{"line":140,"column":55}},"60":{"start":{"line":138,"column":8},"end":{"line":138,"column":67}},"61":{"start":{"line":140,"column":22},"end":{"line":140,"column":54}},"62":{"start":{"line":142,"column":18},"end":{"line":142,"column":50}},"63":{"start":{"line":144,"column":0},"end":{"line":152,"column":52}},"64":{"start":{"line":146,"column":4},"end":{"line":150,"column":55}},"65":{"start":{"line":148,"column":8},"end":{"line":148,"column":67}},"66":{"start":{"line":150,"column":22},"end":{"line":150,"column":54}},"67":{"start":{"line":152,"column":18},"end":{"line":152,"column":50}}},"fnMap":{"0":{"name":"(anonymous_0)","decl":{"start":{"line":6,"column":16},"end":{"line":6,"column":17}},"loc":{"start":{"line":7,"column":2},"end":{"line":10,"column":4}},"line":7},"1":{"name":"(anonymous_1)","decl":{"start":{"line":7,"column":14},"end":{"line":7,"column":15}},"loc":{"start":{"line":7,"column":35},"end":{"line":10,"column":3}},"line":7},"2":{"name":"(anonymous_2)","decl":{"start":{"line":14,"column":8},"end":{"line":14,"column":9}},"loc":{"start":{"line":14,"column":17},"end":{"line":16,"column":3}},"line":14},"3":{"name":"(anonymous_3)","decl":{"start":{"line":17,"column":9},"end":{"line":17,"column":10}},"loc":{"start":{"line":17,"column":18},"end":{"line":19,"column":3}},"line":17},"4":{"name":"(anonymous_4)","decl":{"start":{"line":23,"column":8},"end":{"line":23,"column":9}},"loc":{"start":{"line":23,"column":17},"end":{"line":25,"column":3}},"line":23},"5":{"name":"(anonymous_5)","decl":{"start":{"line":26,"column":9},"end":{"line":26,"column":10}},"loc":{"start":{"line":26,"column":18},"end":{"line":28,"column":3}},"line":26},"6":{"name":"(anonymous_6)","decl":{"start":{"line":31,"column":17},"end":{"line":31,"column":18}},"loc":{"start":{"line":31,"column":27},"end":{"line":37,"column":1}},"line":31},"7":{"name":"(anonymous_7)","decl":{"start":{"line":38,"column":13},"end":{"line":38,"column":14}},"loc":{"start":{"line":38,"column":33},"end":{"line":50,"column":1}},"line":38},"8":{"name":"(anonymous_8)","decl":{"start":{"line":94,"column":20},"end":{"line":94,"column":21}},"loc":{"start":{"line":95,"column":2},"end":{"line":101,"column":4}},"line":95},"9":{"name":"(anonymous_9)","decl":{"start":{"line":95,"column":14},"end":{"line":95,"column":15}},"loc":{"start":{"line":95,"column":35},"end":{"line":101,"column":3}},"line":95},"10":{"name":"(anonymous_10)","decl":{"start":{"line":97,"column":36},"end":{"line":97,"column":37}},"loc":{"start":{"line":97,"column":50},"end":{"line":97,"column":68}},"line":97},"11":{"name":"(anonymous_11)","decl":{"start":{"line":105,"column":8},"end":{"line":105,"column":9}},"loc":{"start":{"line":105,"column":17},"end":{"line":105,"column":41}},"line":105},"12":{"name":"(anonymous_12)","decl":{"start":{"line":106,"column":9},"end":{"line":106,"column":10}},"loc":{"start":{"line":106,"column":18},"end":{"line":106,"column":42}},"line":106},"13":{"name":"(anonymous_13)","decl":{"start":{"line":108,"column":8},"end":{"line":108,"column":9}},"loc":{"start":{"line":108,"column":17},"end":{"line":108,"column":41}},"line":108},"14":{"name":"(anonymous_14)","decl":{"start":{"line":109,"column":9},"end":{"line":109,"column":10}},"loc":{"start":{"line":109,"column":18},"end":{"line":109,"column":42}},"line":109},"15":{"name":"(anonymous_15)","decl":{"start":{"line":111,"column":8},"end":{"line":111,"column":9}},"loc":{"start":{"line":111,"column":17},"end":{"line":111,"column":41}},"line":111},"16":{"name":"(anonymous_16)","decl":{"start":{"line":112,"column":9},"end":{"line":112,"column":10}},"loc":{"start":{"line":112,"column":18},"end":{"line":112,"column":42}},"line":112},"17":{"name":"(anonymous_17)","decl":{"start":{"line":115,"column":18},"end":{"line":115,"column":19}},"loc":{"start":{"line":116,"column":2},"end":{"line":120,"column":4}},"line":116},"18":{"name":"(anonymous_18)","decl":{"start":{"line":116,"column":14},"end":{"line":116,"column":15}},"loc":{"start":{"line":116,"column":35},"end":{"line":120,"column":3}},"line":116},"19":{"name":"(anonymous_19)","decl":{"start":{"line":118,"column":33},"end":{"line":118,"column":34}},"loc":{"start":{"line":118,"column":45},"end":{"line":118,"column":61}},"line":118},"20":{"name":"(anonymous_20)","decl":{"start":{"line":123,"column":8},"end":{"line":123,"column":9}},"loc":{"start":{"line":123,"column":17},"end":{"line":123,"column":41}},"line":123},"21":{"name":"(anonymous_21)","decl":{"start":{"line":124,"column":9},"end":{"line":124,"column":10}},"loc":{"start":{"line":124,"column":18},"end":{"line":124,"column":42}},"line":124},"22":{"name":"(anonymous_22)","decl":{"start":{"line":126,"column":8},"end":{"line":126,"column":9}},"loc":{"start":{"line":126,"column":17},"end":{"line":126,"column":41}},"line":126},"23":{"name":"(anonymous_23)","decl":{"start":{"line":127,"column":9},"end":{"line":127,"column":10}},"loc":{"start":{"line":127,"column":18},"end":{"line":127,"column":42}},"line":127},"24":{"name":"(anonymous_24)","decl":{"start":{"line":129,"column":8},"end":{"line":129,"column":9}},"loc":{"start":{"line":129,"column":17},"end":{"line":129,"column":41}},"line":129},"25":{"name":"(anonymous_25)","decl":{"start":{"line":130,"column":9},"end":{"line":130,"column":10}},"loc":{"start":{"line":130,"column":18},"end":{"line":130,"column":42}},"line":130},"26":{"name":"(anonymous_26)","decl":{"start":{"line":135,"column":8},"end":{"line":135,"column":9}},"loc":{"start":{"line":136,"column":4},"end":{"line":140,"column":55}},"line":136},"27":{"name":"(anonymous_27)","decl":{"start":{"line":137,"column":12},"end":{"line":137,"column":13}},"loc":{"start":{"line":138,"column":8},"end":{"line":138,"column":67}},"line":138},"28":{"name":"(anonymous_28)","decl":{"start":{"line":140,"column":13},"end":{"line":140,"column":14}},"loc":{"start":{"line":140,"column":22},"end":{"line":140,"column":54}},"line":140},"29":{"name":"(anonymous_29)","decl":{"start":{"line":142,"column":9},"end":{"line":142,"column":10}},"loc":{"start":{"line":142,"column":18},"end":{"line":142,"column":50}},"line":142},"30":{"name":"(anonymous_30)","decl":{"start":{"line":145,"column":8},"end":{"line":145,"column":9}},"loc":{"start":{"line":146,"column":4},"end":{"line":150,"column":55}},"line":146},"31":{"name":"(anonymous_31)","decl":{"start":{"line":147,"column":12},"end":{"line":147,"column":13}},"loc":{"start":{"line":148,"column":8},"end":{"line":148,"column":67}},"line":148},"32":{"name":"(anonymous_32)","decl":{"start":{"line":150,"column":13},"end":{"line":150,"column":14}},"loc":{"start":{"line":150,"column":22},"end":{"line":150,"column":54}},"line":150},"33":{"name":"(anonymous_33)","decl":{"start":{"line":152,"column":9},"end":{"line":152,"column":10}},"loc":{"start":{"line":152,"column":18},"end":{"line":152,"column":50}},"line":152}},"branchMap":{"0":{"loc":{"start":{"line":8,"column":4},"end":{"line":9,"column":70}},"type":"if","locations":[{"start":{"line":8,"column":4},"end":{"line":9,"column":70}},{"start":{"line":9,"column":9},"end":{"line":9,"column":70}}],"line":8},"1":{"loc":{"start":{"line":32,"column":2},"end":{"line":35,"column":6}},"type":"if","locations":[{"start":{"line":32,"column":2},"end":{"line":35,"column":6}},{"start":{},"end":{}}],"line":32},"2":{"loc":{"start":{"line":32,"column":6},"end":{"line":32,"column":52}},"type":"binary-expr","locations":[{"start":{"line":32,"column":6},"end":{"line":32,"column":24}},{"start":{"line":32,"column":28},"end":{"line":32,"column":52}}],"line":32},"3":{"loc":{"start":{"line":39,"column":2},"end":{"line":48,"column":3}},"type":"if","locations":[{"start":{"line":39,"column":2},"end":{"line":48,"column":3}},{"start":{},"end":{}}],"line":39},"4":{"loc":{"start":{"line":40,"column":4},"end":{"line":43,"column":34}},"type":"binary-expr","locations":[{"start":{"line":40,"column":4},"end":{"line":40,"column":22}},{"start":{"line":41,"column":4},"end":{"line":41,"column":28}},{"start":{"line":42,"column":4},"end":{"line":42,"column":26}},{"start":{"line":43,"column":4},"end":{"line":43,"column":34}}],"line":40},"5":{"loc":{"start":{"line":98,"column":4},"end":{"line":100,"column":56}},"type":"cond-expr","locations":[{"start":{"line":99,"column":8},"end":{"line":99,"column":25}},{"start":{"line":100,"column":8},"end":{"line":100,"column":56}}],"line":98},"6":{"loc":{"start":{"line":119,"column":4},"end":{"line":119,"column":79}},"type":"cond-expr","locations":[{"start":{"line":119,"column":13},"end":{"line":119,"column":28}},{"start":{"line":119,"column":31},"end":{"line":119,"column":79}}],"line":119}},"s":{"0":1,"1":1,"2":1,"3":1,"4":1,"5":2,"6":2,"7":1,"8":1,"9":1,"10":1,"11":0,"12":1,"13":0,"14":1,"15":1,"16":4,"17":1,"18":3,"19":1,"20":2,"21":0,"22":2,"23":1,"24":1,"25":1,"26":1,"27":1,"28":1,"29":1,"30":5,"31":5,"32":11,"33":5,"34":1,"35":1,"36":1,"37":0,"38":1,"39":1,"40":0,"41":1,"42":0,"43":1,"44":1,"45":4,"46":4,"47":8,"48":4,"49":1,"50":1,"51":0,"52":1,"53":1,"54":0,"55":1,"56":0,"57":1,"58":1,"59":1,"60":1,"61":0,"62":0,"63":1,"64":0,"65":0,"66":0,"67":1},"f":{"0":2,"1":2,"2":1,"3":0,"4":0,"5":1,"6":4,"7":2,"8":5,"9":5,"10":11,"11":1,"12":0,"13":1,"14":0,"15":0,"16":1,"17":4,"18":4,"19":8,"20":1,"21":0,"22":1,"23":0,"24":0,"25":1,"26":1,"27":1,"28":0,"29":0,"30":0,"31":0,"32":0,"33":1},"b":{"0":[1,1],"1":[1,3],"2":[4,3],"3":[0,2],"4":[2,2,2,2],"5":[3,2],"6":[3,1]},"_coverageSchema":"1a1c01bbd47fc00a2c39e90264f33305004495a9","hash":"83d960d410d38cef3be2f271d08517f1ac7cd3eb"}
}
