TN:
SF:app/basic-operations.js
FN:1,(anonymous_0)
FN:7,(anonymous_1)
FN:13,(anonymous_2)
FN:19,(anonymous_3)
FNF:4
FNH:4
FNDA:16,(anonymous_0)
FNDA:4,(anonymous_1)
FNDA:4,(anonymous_2)
FNDA:4,(anonymous_3)
DA:1,1
DA:2,16
DA:3,12
DA:5,4
DA:7,1
DA:8,4
DA:9,0
DA:11,4
DA:13,1
DA:14,4
DA:15,0
DA:17,4
DA:19,1
DA:20,4
DA:21,0
DA:23,4
DA:26,1
DA:27,1
DA:28,1
DA:29,1
LF:20
LH:17
BRDA:2,0,0,12
BRDA:2,0,1,4
BRDA:2,1,0,16
BRDA:2,1,1,8
BRDA:8,2,0,0
BRDA:8,2,1,4
BRDA:8,3,0,4
BRDA:8,3,1,4
BRDA:14,4,0,0
BRDA:14,4,1,4
BRDA:14,5,0,4
BRDA:14,5,1,4
BRDA:20,6,0,0
BRDA:20,6,1,4
BRDA:20,7,0,4
BRDA:20,7,1,4
BRF:16
BRH:13
end_of_record
TN:
SF:app/entrega1.3.js
FN:6,(anonymous_0)
FN:7,(anonymous_1)
FN:14,(anonymous_2)
FN:17,(anonymous_3)
FN:23,(anonymous_4)
FN:26,(anonymous_5)
FN:31,(anonymous_6)
FN:38,(anonymous_7)
FN:94,(anonymous_8)
FN:95,(anonymous_9)
FN:97,(anonymous_10)
FN:105,(anonymous_11)
FN:106,(anonymous_12)
FN:108,(anonymous_13)
FN:109,(anonymous_14)
FN:111,(anonymous_15)
FN:112,(anonymous_16)
FN:115,(anonymous_17)
FN:116,(anonymous_18)
FN:118,(anonymous_19)
FN:123,(anonymous_20)
FN:124,(anonymous_21)
FN:126,(anonymous_22)
FN:127,(anonymous_23)
FN:129,(anonymous_24)
FN:130,(anonymous_25)
FN:135,(anonymous_26)
FN:137,(anonymous_27)
FN:140,(anonymous_28)
FN:142,(anonymous_29)
FN:145,(anonymous_30)
FN:147,(anonymous_31)
FN:150,(anonymous_32)
FN:152,(anonymous_33)
FNF:34
FNH:21
FNDA:2,(anonymous_0)
FNDA:2,(anonymous_1)
FNDA:1,(anonymous_2)
FNDA:0,(anonymous_3)
FNDA:0,(anonymous_4)
FNDA:1,(anonymous_5)
FNDA:4,(anonymous_6)
FNDA:3,(anonymous_7)
FNDA:5,(anonymous_8)
FNDA:5,(anonymous_9)
FNDA:11,(anonymous_10)
FNDA:1,(anonymous_11)
FNDA:0,(anonymous_12)
FNDA:1,(anonymous_13)
FNDA:0,(anonymous_14)
FNDA:0,(anonymous_15)
FNDA:1,(anonymous_16)
FNDA:4,(anonymous_17)
FNDA:4,(anonymous_18)
FNDA:8,(anonymous_19)
FNDA:1,(anonymous_20)
FNDA:0,(anonymous_21)
FNDA:1,(anonymous_22)
FNDA:0,(anonymous_23)
FNDA:0,(anonymous_24)
FNDA:1,(anonymous_25)
FNDA:1,(anonymous_26)
FNDA:1,(anonymous_27)
FNDA:0,(anonymous_28)
FNDA:0,(anonymous_29)
FNDA:0,(anonymous_30)
FNDA:0,(anonymous_31)
FNDA:0,(anonymous_32)
FNDA:1,(anonymous_33)
DA:1,1
DA:2,1
DA:3,1
DA:4,1
DA:6,1
DA:7,2
DA:8,2
DA:9,1
DA:13,1
DA:15,1
DA:18,0
DA:22,1
DA:24,0
DA:27,1
DA:31,1
DA:32,4
DA:33,1
DA:36,3
DA:38,1
DA:39,3
DA:45,1
DA:49,2
DA:51,1
DA:53,1
DA:54,1
DA:63,1
DA:78,1
DA:92,1
DA:94,1
DA:95,5
DA:97,11
DA:98,5
DA:102,1
DA:104,1
DA:105,1
DA:106,0
DA:107,1
DA:108,1
DA:109,0
DA:110,1
DA:111,0
DA:112,1
DA:115,1
DA:116,4
DA:118,8
DA:119,4
DA:122,1
DA:123,1
DA:124,0
DA:125,1
DA:126,1
DA:127,0
DA:128,1
DA:129,0
DA:130,1
DA:134,1
DA:136,1
DA:138,1
DA:140,0
DA:142,0
DA:144,1
DA:146,0
DA:148,0
DA:150,0
DA:152,1
LF:65
LH:52
BRDA:8,0,0,1
BRDA:8,0,1,1
BRDA:32,1,0,1
BRDA:32,1,1,3
BRDA:32,2,0,4
BRDA:32,2,1,3
BRDA:39,3,0,1
BRDA:39,3,1,2
BRDA:40,4,0,3
BRDA:40,4,1,2
BRDA:40,4,2,2
BRDA:40,4,3,2
BRDA:98,5,0,3
BRDA:98,5,1,2
BRDA:119,6,0,3
BRDA:119,6,1,1
BRF:16
BRH:16
end_of_record
